<?xml version="1.0" encoding="UTF-8"?>
<testng-results ignored="0" total="1" passed="1" failed="0" skipped="0">
  <reporter-output>
  </reporter-output>
  <suite started-at="2022-10-28T07:11:06 ICT" name="Default suite" finished-at="2022-10-28T07:11:06 ICT" duration-ms="54">
    <groups>
    </groups>
    <test started-at="2022-10-28T07:11:06 ICT" name="Default test" finished-at="2022-10-28T07:11:06 ICT" duration-ms="54">
      <class name="Section14Streams.StreamTutorial3">
        <test-method signature="streamMap()[pri:0, instance:Section14Streams.StreamTutorial3@3e11f9e9]" started-at="2022-10-28T07:11:06 ICT" name="streamMap" finished-at="2022-10-28T07:11:06 ICT" duration-ms="16" status="PASS">
          <reporter-output>
          </reporter-output>
        </test-method> <!-- streamMap -->
      </class> <!-- Section14Streams.StreamTutorial3 -->
    </test> <!-- Default test -->
  </suite> <!-- Default suite -->
</testng-results>
